08-19-2024 20:00:04 PM:Playing:/opt/AlexaPi/src/resources/beep.wav
08-19-2024 20:00:05 PM:Saying:Selamat petang!
08-19-2024 20:00:07 PM:Saying:Sekarang pukul 08:00
08-19-2024 20:23:15 PM:Saying:kitchen light dihidupkan
08-19-2024 20:36:32 PM:Saying:Telah menceritakan kepada kami [Isma'il] berkata, telah menceritakan kepadaku [Malik] dari ['Abdullah bin Dinar] dari ['Abdullah bin 'Umar], bahwa Rasulullah sallallahu 'alaihi wasallam bersabda: 'Sesungguhnya di antara pohon-pohon ada satu pohon yang tidak jatuh daunnya, dan itu adalah perumpamaan bagi seorang Muslim. Ceritakan kepadaku pohon apakah itu?' Maka orang-orang menganggapnya sebagai pohon-pohon yang ada di lembah, sedangkan menurut perkiraanku bahwa itu adalah pohon kurma.' 'Abdullah berkata, 'Tetapi aku malu (untuk mengungkapkannya). Lalu orang-orang berkata, 'Wahai Rasulullah, beritahukan kami pohon apakah itu?' Maka Rasulullah sallallahu 'alaihi wasallam pun menjawab: 'Dia adalah pohon kurma.' 'Abdullah berkata, 'Kemudian aku ceritakan hal itu kepada bapakku, Maka bapakku berkata, 'Aku lebih suka bila engkau ungkapkan saat itu dari pada aku memiliki begini dan begini.'
08-19-2024 20:37:51 PM:Saying:Hadis riwayat bukhari
08-19-2024 20:37:53 PM:Bacaan hadith:-Kitab:bukhari-collection_no:128
08-19-2024 21:00:06 PM:Playing:/opt/AlexaPi/src/resources/beep.wav
08-19-2024 21:00:07 PM:Saying:Selamat petang!
08-19-2024 21:00:10 PM:Saying:Sekarang pukul 09:00
08-19-2024 22:00:04 PM:Playing:/opt/AlexaPi/src/resources/beep.wav
08-19-2024 22:00:05 PM:Saying:Selamat petang!
08-19-2024 22:00:07 PM:Saying:Sekarang pukul 10:00
08-20-2024 06:01:24 AM:Playing:/home/pi/Music/Adzan/azan_subuh_madina.mp3
08-20-2024 07:00:04 AM:Playing:/opt/AlexaPi/src/resources/beep.wav
08-20-2024 07:00:05 AM:Saying:Selamat pagi!
08-20-2024 07:00:07 AM:Saying:Sekarang pukul 07:00
08-20-2024 07:00:11 AM:Saying:Cuaca kini di Kajang, selangor, Hujan renyai-renyai, manakala bacaan suhu adalah 25.5 Darjah selsius
08-20-2024 07:00:23 AM:Saying:Namun suhu terasa seperti 28.2 Darjah selsius
08-20-2024 07:00:29 AM:Saying:Kadar kelembapan sekitar 86 peratus
08-20-2024 07:00:33 AM:Saying:kelajuan angin bertiup 5.0 km per jam
08-20-2024 07:00:39 AM:Saying:Pendedahan sinar UV pada skala 1.0
08-20-2024 08:00:04 AM:Playing:/opt/AlexaPi/src/resources/beep.wav
08-20-2024 08:00:05 AM:Saying:Selamat pagi!
08-20-2024 08:00:07 AM:Saying:Sekarang pukul 08:00
08-20-2024 08:00:12 AM:Saying:Cuaca kini di Kajang, selangor, Hujan lebat berdekatan, manakala bacaan suhu adalah 24.9 Darjah selsius
08-20-2024 08:00:24 AM:Saying:Namun suhu terasa seperti 27.7 Darjah selsius
08-20-2024 08:00:30 AM:Saying:Kadar kelembapan sekitar 90 peratus
08-20-2024 08:00:34 AM:Saying:kelajuan angin bertiup 7.9 km per jam
08-20-2024 08:00:40 AM:Saying:Pendedahan sinar UV pada skala 1.0
08-20-2024 09:00:04 AM:Playing:/opt/AlexaPi/src/resources/beep.wav
08-20-2024 09:00:05 AM:Saying:Selamat pagi!
08-20-2024 09:00:07 AM:Saying:Sekarang pukul 09:00
08-20-2024 10:00:04 AM:Playing:/opt/AlexaPi/src/resources/beep.wav
08-20-2024 10:00:05 AM:Saying:Selamat pagi!
08-20-2024 10:00:08 AM:Saying:Sekarang pukul 10:00
08-20-2024 11:00:04 AM:Playing:/opt/AlexaPi/src/resources/beep.wav
08-20-2024 11:00:05 AM:Saying:Selamat pagi!
08-20-2024 11:00:07 AM:Saying:Sekarang pukul 11:00
08-20-2024 12:00:04 PM:Playing:/opt/AlexaPi/src/resources/beep.wav
08-20-2024 12:00:05 PM:Saying:Selamat tengahari!
08-20-2024 12:00:07 PM:Saying:Sekarang pukul 12:00
08-20-2024 12:00:11 PM:Saying:Berikut adalah waktu solat bagi seluruh zon hulu langat, selangor dan kawasan - kawasan yang sewaktu denganya.
08-20-2024 12:00:21 PM:Saying:imsak 05:51 Pagi.
08-20-2024 12:00:25 PM:Saying: subuh 06:01 Pagi.
08-20-2024 12:00:29 PM:Saying: syuruk 07:09 Pagi.
08-20-2024 12:00:33 PM:Saying: zohor 01:19 Petang.
08-20-2024 12:00:37 PM:Saying: asar 04:33 Petang.
08-20-2024 12:00:41 PM:Saying: maghrib 07:25 Petang.
08-20-2024 12:00:45 PM:Saying: isyak 08:36 Petang.
08-20-2024 13:00:04 PM:Playing:/opt/AlexaPi/src/resources/beep.wav
08-20-2024 13:00:05 PM:Saying:Selamat tengahari!
08-20-2024 13:00:07 PM:Saying:Sekarang pukul 01:00
08-20-2024 14:00:04 PM:Playing:/opt/AlexaPi/src/resources/beep.wav
08-20-2024 14:00:05 PM:Saying:Selamat tengahari!
08-20-2024 14:00:12 PM:Saying:Sekarang pukul 02:00
08-20-2024 15:00:04 PM:Playing:/opt/AlexaPi/src/resources/beep.wav
08-20-2024 15:00:05 PM:Saying:Selamat petang!
08-20-2024 15:00:07 PM:Saying:Sekarang pukul 03:00
08-20-2024 16:00:04 PM:Playing:/opt/AlexaPi/src/resources/beep.wav
08-20-2024 16:00:05 PM:Saying:Selamat petang!
08-20-2024 16:00:08 PM:Saying:Sekarang pukul 04:00
08-20-2024 17:00:07 PM:Playing:/opt/AlexaPi/src/resources/beep.wav
08-20-2024 17:00:08 PM:Saying:Selamat petang!
08-20-2024 17:00:11 PM:Saying:Sekarang pukul 05:00
08-20-2024 18:00:04 PM:Playing:/opt/AlexaPi/src/resources/beep.wav
08-20-2024 18:00:04 PM:Saying:Selamat petang!
08-20-2024 18:00:07 PM:Saying:Sekarang pukul 06:00
08-20-2024 19:00:04 PM:Playing:/opt/AlexaPi/src/resources/beep.wav
08-20-2024 19:00:04 PM:Saying:Selamat petang!
08-20-2024 19:00:07 PM:Saying:Sekarang pukul 07:00
08-20-2024 19:25:25 PM:Playing:/home/pi/Music/Adzan/azan_macca.mp3
08-20-2024 20:00:04 PM:Playing:/opt/AlexaPi/src/resources/beep.wav
08-20-2024 20:00:06 PM:Saying:Selamat petang!
08-20-2024 20:00:08 PM:Saying:Sekarang pukul 08:00
08-20-2024 20:36:29 PM:Saying:Telah mengabarkan kepada kami [Qutaibah] dari [Malik] dari [Muhammad bin Yahya bin Habban] dari [Al A'raj] dari [Abu Hurairah] bahwa Nabi Sallallahu'alaihi wasallam melarang solat setelah Ashar hingga matahari terbenam dan melarang solat setelah Subuh hingga matahari terbit.
08-20-2024 20:36:57 PM:Saying:Hadis riwayat nasa'i
08-20-2024 20:36:59 PM:Bacaan hadith:-Kitab:nasa'i-collection_no:558
08-20-2024 21:00:04 PM:Playing:/opt/AlexaPi/src/resources/beep.wav
08-20-2024 21:00:05 PM:Saying:Selamat petang!
08-20-2024 21:00:07 PM:Saying:Sekarang pukul 09:00
08-20-2024 22:00:04 PM:Playing:/opt/AlexaPi/src/resources/beep.wav
08-20-2024 22:00:05 PM:Saying:Selamat petang!
08-20-2024 22:00:08 PM:Saying:Sekarang pukul 10:00
08-21-2024 06:01:25 AM:Playing:/home/pi/Music/Adzan/azan_subuh_madina.mp3
08-21-2024 07:00:03 AM:Playing:/opt/AlexaPi/src/resources/beep.wav
08-21-2024 07:00:04 AM:Saying:Selamat pagi!
08-21-2024 07:00:12 AM:Saying:Sekarang pukul 07:00
08-21-2024 07:00:22 AM:Saying:Cuaca kini di Kajang, selangor, Hujan lebat berdekatan, manakala bacaan suhu adalah 24.2 Darjah selsius
08-21-2024 07:00:34 AM:Saying:Namun suhu terasa seperti 26.4 Darjah selsius
08-21-2024 07:00:41 AM:Saying:Kadar kelembapan sekitar 86 peratus
08-21-2024 07:00:46 AM:Saying:kelajuan angin bertiup 15.8 km per jam
08-21-2024 07:00:52 AM:Saying:Pendedahan sinar UV pada skala 1.0
08-21-2024 08:00:04 AM:Playing:/opt/AlexaPi/src/resources/beep.wav
08-21-2024 08:00:05 AM:Saying:Selamat pagi!
08-21-2024 08:00:07 AM:Saying:Sekarang pukul 08:00
08-21-2024 08:00:12 AM:Saying:Cuaca kini di Kajang, selangor, Hujan lebat berdekatan, manakala bacaan suhu adalah 24.1 Darjah selsius
08-21-2024 08:00:25 AM:Saying:Namun suhu terasa seperti 26.2 Darjah selsius
08-21-2024 08:00:31 AM:Saying:Kadar kelembapan sekitar 86 peratus
08-21-2024 08:00:35 AM:Saying:kelajuan angin bertiup 15.5 km per jam
08-21-2024 08:00:41 AM:Saying:Pendedahan sinar UV pada skala 1.0
08-21-2024 09:00:04 AM:Playing:/opt/AlexaPi/src/resources/beep.wav
08-21-2024 09:00:04 AM:Saying:Selamat pagi!
08-21-2024 09:00:07 AM:Saying:Sekarang pukul 09:00
08-21-2024 10:00:05 AM:Playing:/opt/AlexaPi/src/resources/beep.wav
08-21-2024 10:00:06 AM:Saying:Selamat pagi!
08-21-2024 10:00:08 AM:Saying:Sekarang pukul 10:00
08-21-2024 11:00:04 AM:Playing:/opt/AlexaPi/src/resources/beep.wav
08-21-2024 11:00:05 AM:Saying:Selamat pagi!
08-21-2024 11:00:07 AM:Saying:Sekarang pukul 11:00
08-21-2024 12:00:04 PM:Playing:/opt/AlexaPi/src/resources/beep.wav
08-21-2024 12:00:05 PM:Saying:Selamat tengahari!
08-21-2024 12:00:07 PM:Saying:Sekarang pukul 12:00
08-21-2024 12:00:11 PM:Saying:Berikut adalah waktu solat bagi seluruh zon hulu langat, selangor dan kawasan - kawasan yang sewaktu denganya.
08-21-2024 12:00:21 PM:Saying:imsak 05:51 Pagi.
08-21-2024 12:00:25 PM:Saying: subuh 06:01 Pagi.
08-21-2024 12:00:29 PM:Saying: syuruk 07:09 Pagi.
08-21-2024 12:00:33 PM:Saying: zohor 01:19 Petang.
08-21-2024 12:00:37 PM:Saying: asar 04:33 Petang.
08-21-2024 12:00:41 PM:Saying: maghrib 07:25 Petang.
08-21-2024 12:00:45 PM:Saying: isyak 08:35 Petang.
08-21-2024 13:00:04 PM:Playing:/opt/AlexaPi/src/resources/beep.wav
08-21-2024 13:00:05 PM:Saying:Selamat tengahari!
08-21-2024 13:00:07 PM:Saying:Sekarang pukul 01:00
08-21-2024 13:19:34 PM:Saying:Telah menceritakan kepada kami [Muhammad bin Rumh Al Mishri] berkata, telah memberitakan kepada kami [Al Laits bin Sa'd] dari [Ibnu Syihab] bahwasanya ia pernah duduk di atas kasur milik Umar bin Abdul Aziz ketika ia masih menjadi pemimpin di Madinah. Dan waktu itu Umar bersama ['Urwah bin Az Zubair]. Umar bin Abdul Aziz mengakhirkan sedikit dari waktu solat ashar hingga 'Urwah berkata kepadanya, 'Jibril pernah turun dan solat menjadi Imam bagi Rasulullah sallallahu 'alaihi wasallam, ' Umar pun ganti berkata kepadanya, 'Hati-hati dengan yang engkau katakan ya 'Urwah! ' 'Urwah berkata, 'Aku mendengar [Basyir bin Abu Mas'ud] berkata, Aku mendengar [Abu Mas'ud] berkata, Aku mendengar Rasulullah sallallahu 'alaihi wasallam bersabda: 'Jibril turun dan mengimami aku solat, maka aku pun solat bersamanya, kemudian aku solat bersamanya, kemudian aku solat bersamanya, kemudian aku solat bersamanya, kemudian aku solat bersamanya, ' dia menghitung dengan jemarinya lima kali.
08-21-2024 13:21:00 PM:Saying:Hadis riwayat ibnu-majah
08-21-2024 13:21:03 PM:Bacaan hadith:-Kitab:ibnu-majah-collection_no:660
08-21-2024 14:00:04 PM:Playing:/opt/AlexaPi/src/resources/beep.wav
08-21-2024 14:00:05 PM:Saying:Selamat tengahari!
08-21-2024 14:00:07 PM:Saying:Sekarang pukul 02:00
08-21-2024 15:00:04 PM:Playing:/opt/AlexaPi/src/resources/beep.wav
08-21-2024 15:00:04 PM:Saying:Selamat petang!
08-21-2024 15:00:07 PM:Saying:Sekarang pukul 03:00
08-21-2024 16:00:03 PM:Playing:/opt/AlexaPi/src/resources/beep.wav
08-21-2024 16:00:04 PM:Saying:Selamat petang!
08-21-2024 16:00:07 PM:Saying:Sekarang pukul 04:00
08-21-2024 16:33:30 PM:Saying:Telah menceritakan kepada kami ['Abdullah bin Yusuf] berkata, telah mengabarkan kepada kami [Malik bin Anas] dari ['Abdullah bin Dinar] dari ['Abdullah bin 'Umar] berkata, 'Ketika orang-orang solat subuh di Quba', tiba-tiba datang seorang laki-laki dan berkata, 'Sungguh, tadi malam telah turun ayat kepada Rasulullah sallallahu 'alaihi wasallam, beliau diperintahkan untuk menghadap ke arah Ka'bah. Maka orang-orang yang sedang solat berputar menghadap Ka'bah, padahal pada saat itu wajah-wajah mereka sedang menghadap negeri Syam. Mereka kemudian berputar ke arah Ka'bah.'
08-21-2024 16:34:20 PM:Saying:Hadis riwayat bukhari
08-21-2024 16:34:22 PM:Bacaan hadith:-Kitab:bukhari-collection_no:388
08-21-2024 17:00:04 PM:Playing:/opt/AlexaPi/src/resources/beep.wav
08-21-2024 17:00:05 PM:Saying:Selamat petang!
08-21-2024 17:00:07 PM:Saying:Sekarang pukul 05:00
08-21-2024 18:00:04 PM:Playing:/opt/AlexaPi/src/resources/beep.wav
08-21-2024 18:00:04 PM:Saying:Selamat petang!
08-21-2024 18:00:07 PM:Saying:Sekarang pukul 06:00
08-21-2024 19:00:04 PM:Playing:/opt/AlexaPi/src/resources/beep.wav
08-21-2024 19:00:05 PM:Saying:Selamat petang!
08-21-2024 19:00:07 PM:Saying:Sekarang pukul 07:00
08-21-2024 19:25:25 PM:Playing:/home/pi/Music/Adzan/azan_macca.mp3
08-21-2024 20:00:04 PM:Playing:/opt/AlexaPi/src/resources/beep.wav
08-21-2024 20:00:05 PM:Saying:Selamat petang!
08-21-2024 20:00:07 PM:Saying:Sekarang pukul 08:00
08-21-2024 21:00:04 PM:Playing:/opt/AlexaPi/src/resources/beep.wav
08-21-2024 21:00:04 PM:Saying:Selamat petang!
08-21-2024 21:00:07 PM:Saying:Sekarang pukul 09:00
08-21-2024 22:00:04 PM:Playing:/opt/AlexaPi/src/resources/beep.wav
08-21-2024 22:00:05 PM:Saying:Selamat petang!
08-21-2024 22:00:08 PM:Saying:Sekarang pukul 10:00
08-22-2024 06:01:31 AM:Playing:/home/pi/Music/Adzan/azan_subuh_madina.mp3
08-22-2024 07:00:04 AM:Playing:/opt/AlexaPi/src/resources/beep.wav
08-22-2024 07:00:04 AM:Saying:Selamat pagi!
08-22-2024 07:00:06 AM:Saying:Sekarang pukul 07:00
08-22-2024 07:00:11 AM:Saying:Cuaca kini di Kajang, selangor, Pancuran hujan ringan, manakala bacaan suhu adalah 25.8 Darjah selsius
08-22-2024 07:00:23 AM:Saying:Namun suhu terasa seperti 28.8 Darjah selsius
08-22-2024 07:00:29 AM:Saying:Kadar kelembapan sekitar 86 peratus
08-22-2024 07:00:34 AM:Saying:kelajuan angin bertiup 4.3 km per jam
08-22-2024 07:00:39 AM:Saying:Pendedahan sinar UV pada skala 1.0
08-22-2024 08:00:04 AM:Playing:/opt/AlexaPi/src/resources/beep.wav
08-22-2024 08:00:05 AM:Saying:Selamat pagi!
08-22-2024 08:00:07 AM:Saying:Sekarang pukul 08:00
08-22-2024 08:00:11 AM:Saying:Cuaca kini di Kajang, selangor, Sebahagian Mendung, manakala bacaan suhu adalah 26.0 Darjah selsius
08-22-2024 08:00:23 AM:Saying:Namun suhu terasa seperti 29.0 Darjah selsius
08-22-2024 08:00:29 AM:Saying:Kadar kelembapan sekitar 84 peratus
08-22-2024 08:00:33 AM:Saying:kelajuan angin bertiup 3.6 km per jam
08-22-2024 08:00:39 AM:Saying:Pendedahan sinar UV pada skala 1.0
08-22-2024 09:00:04 AM:Playing:/opt/AlexaPi/src/resources/beep.wav
08-22-2024 09:00:04 AM:Saying:Selamat pagi!
08-22-2024 09:00:07 AM:Saying:Sekarang pukul 09:00
08-22-2024 10:00:04 AM:Playing:/opt/AlexaPi/src/resources/beep.wav
08-22-2024 10:00:05 AM:Saying:Selamat pagi!
08-22-2024 10:00:07 AM:Saying:Sekarang pukul 10:00
08-22-2024 11:00:04 AM:Playing:/opt/AlexaPi/src/resources/beep.wav
08-22-2024 11:00:04 AM:Saying:Selamat pagi!
08-22-2024 11:00:07 AM:Saying:Sekarang pukul 11:00
08-22-2024 12:00:04 PM:Playing:/opt/AlexaPi/src/resources/beep.wav
08-22-2024 12:00:05 PM:Saying:Selamat tengahari!
08-22-2024 12:00:08 PM:Saying:Sekarang pukul 12:00
08-22-2024 12:00:12 PM:Saying:Berikut adalah waktu solat bagi seluruh zon hulu langat, selangor dan kawasan - kawasan yang sewaktu denganya.
08-22-2024 12:00:22 PM:Saying:imsak 05:51 Pagi.
08-22-2024 12:00:26 PM:Saying: subuh 06:01 Pagi.
08-22-2024 12:00:30 PM:Saying: syuruk 07:09 Pagi.
08-22-2024 12:00:34 PM:Saying: zohor 01:19 Petang.
08-22-2024 12:00:38 PM:Saying: asar 04:32 Petang.
08-22-2024 12:00:42 PM:Saying: maghrib 07:24 Petang.
08-22-2024 12:00:46 PM:Saying: isyak 08:35 Petang.
08-22-2024 13:00:04 PM:Playing:/opt/AlexaPi/src/resources/beep.wav
08-22-2024 13:00:05 PM:Saying:Selamat tengahari!
08-22-2024 13:00:07 PM:Saying:Sekarang pukul 01:00
08-22-2024 13:19:28 PM:Saying:Telah menceritakan kepada kami [Abu Ishaq As Syafi'i Ibrahim bin Muhammad bin Al 'Abbas] berkata, telah menceritakan kepada kami [Abdullah bin Raja` Al Makki] dari ['Abbad bin Ishaq] dari [Ibnu Syihab] dari [Sa'id bin Al Musayyab] dari [Abu Hurairah] ia berkata, Rasulullah sallallahu 'alaihi wasallam bersabda: 'Apabila seorang muadzin mengumandangkan adzan maka ucapkanlah seperti ucapannya.'
08-22-2024 13:20:08 PM:Saying:Hadis riwayat ibnu-majah
08-22-2024 13:20:10 PM:Bacaan hadith:-Kitab:ibnu-majah-collection_no:710
08-22-2024 14:00:07 PM:Playing:/opt/AlexaPi/src/resources/beep.wav
08-22-2024 14:00:07 PM:Saying:Selamat tengahari!
08-22-2024 14:00:10 PM:Saying:Sekarang pukul 02:00
08-22-2024 15:00:03 PM:Playing:/opt/AlexaPi/src/resources/beep.wav
08-22-2024 15:00:04 PM:Saying:Selamat petang!
08-22-2024 15:00:07 PM:Saying:Sekarang pukul 03:00
08-22-2024 16:00:04 PM:Playing:/opt/AlexaPi/src/resources/beep.wav
08-22-2024 16:00:05 PM:Saying:Selamat petang!
08-22-2024 16:00:07 PM:Saying:Sekarang pukul 04:00
08-22-2024 17:00:04 PM:Playing:/opt/AlexaPi/src/resources/beep.wav
08-22-2024 17:00:04 PM:Saying:Selamat petang!
08-22-2024 17:00:07 PM:Saying:Sekarang pukul 05:00
08-22-2024 18:00:04 PM:Playing:/opt/AlexaPi/src/resources/beep.wav
08-22-2024 18:00:04 PM:Saying:Selamat petang!
08-22-2024 18:00:07 PM:Saying:Sekarang pukul 06:00
08-22-2024 19:00:04 PM:Playing:/opt/AlexaPi/src/resources/beep.wav
08-22-2024 19:00:05 PM:Saying:Selamat petang!
08-22-2024 19:00:07 PM:Saying:Sekarang pukul 07:00
08-22-2024 20:00:04 PM:Playing:/opt/AlexaPi/src/resources/beep.wav
08-22-2024 20:00:05 PM:Saying:Selamat petang!
08-22-2024 20:00:07 PM:Saying:Sekarang pukul 08:00
08-22-2024 20:35:34 PM:Saying:Telah menceritakan kepada kami [Qutaibah bin Sa'id] telah menceritakan kepada kami [Ya'qub] -yaitu Ibnu Abdurrahman al-Qari- dari [Suhail] dari [bapaknya] dari [Abu Hurairah] bahwa Rasulullah sallallahu 'alaihi wasallam bersabda: 'Tidak akan membenci kaum Anshar, seorang laki-laki yang beriman kepada Allah dan hari akhir.'
08-22-2024 20:36:05 PM:Saying:Hadis riwayat muslim
08-22-2024 20:36:08 PM:Bacaan hadith:-Kitab:muslim-collection_no:111
08-22-2024 21:00:04 PM:Playing:/opt/AlexaPi/src/resources/beep.wav
08-22-2024 21:00:14 PM:Saying:Selamat petang!
08-22-2024 21:00:16 PM:Saying:Sekarang pukul 09:00
08-22-2024 22:00:04 PM:Playing:/opt/AlexaPi/src/resources/beep.wav
08-22-2024 22:00:05 PM:Saying:Selamat petang!
08-22-2024 22:00:07 PM:Saying:Sekarang pukul 10:00
08-23-2024 06:01:29 AM:Playing:/home/pi/Music/Adzan/azan_subuh_madina.mp3
08-23-2024 07:00:04 AM:Playing:/opt/AlexaPi/src/resources/beep.wav
08-23-2024 07:00:04 AM:Saying:Selamat pagi!
08-23-2024 07:00:07 AM:Saying:Sekarang pukul 07:00
08-23-2024 07:00:11 AM:Saying:Cuaca kini di Kajang, selangor, Pancuran hujan ringan, manakala bacaan suhu adalah 24.0 Darjah selsius
08-23-2024 07:00:24 AM:Saying:Namun suhu terasa seperti 26.4 Darjah selsius
08-23-2024 07:00:30 AM:Saying:Kadar kelembapan sekitar 91 peratus
08-23-2024 07:00:35 AM:Saying:kelajuan angin bertiup 5.4 km per jam
08-23-2024 07:00:41 AM:Saying:Pendedahan sinar UV pada skala 1.0
08-23-2024 08:00:03 AM:Playing:/opt/AlexaPi/src/resources/beep.wav
08-23-2024 08:00:04 AM:Saying:Selamat pagi!
08-23-2024 08:00:07 AM:Saying:Sekarang pukul 08:00
08-23-2024 08:00:12 AM:Saying:Cuaca kini di Kajang, selangor, Pancuran hujan ringan, manakala bacaan suhu adalah 24.1 Darjah selsius
08-23-2024 08:00:24 AM:Saying:Namun suhu terasa seperti 26.4 Darjah selsius
08-23-2024 08:00:30 AM:Saying:Kadar kelembapan sekitar 91 peratus
08-23-2024 08:00:35 AM:Saying:kelajuan angin bertiup 4.7 km per jam
08-23-2024 08:00:41 AM:Saying:Pendedahan sinar UV pada skala 1.0
08-23-2024 09:00:04 AM:Playing:/opt/AlexaPi/src/resources/beep.wav
08-23-2024 09:00:05 AM:Saying:Selamat pagi!
08-23-2024 09:00:07 AM:Saying:Sekarang pukul 09:00
08-23-2024 10:00:03 AM:Playing:/opt/AlexaPi/src/resources/beep.wav
08-23-2024 10:00:04 AM:Saying:Selamat pagi!
08-23-2024 10:00:07 AM:Saying:Sekarang pukul 10:00
08-23-2024 11:00:04 AM:Playing:/opt/AlexaPi/src/resources/beep.wav
08-23-2024 11:00:05 AM:Saying:Selamat pagi!
08-23-2024 11:00:07 AM:Saying:Sekarang pukul 11:00
08-23-2024 12:00:04 PM:Playing:/opt/AlexaPi/src/resources/beep.wav
08-23-2024 12:00:05 PM:Saying:Selamat tengahari!
08-23-2024 12:00:07 PM:Saying:Sekarang pukul 12:00
08-23-2024 12:00:12 PM:Saying:Berikut adalah waktu solat bagi seluruh zon hulu langat, selangor dan kawasan - kawasan yang sewaktu denganya.
08-23-2024 12:00:24 PM:Saying:imsak 05:51 Pagi.
08-23-2024 12:00:28 PM:Saying: subuh 06:01 Pagi.
08-23-2024 12:00:32 PM:Saying: syuruk 07:09 Pagi.
08-23-2024 12:00:36 PM:Saying: zohor 01:19 Petang.
08-23-2024 12:00:40 PM:Saying: asar 04:31 Petang.
08-23-2024 12:00:44 PM:Saying: maghrib 07:24 Petang.
08-23-2024 12:00:48 PM:Saying: isyak 08:34 Petang.
08-23-2024 13:00:04 PM:Playing:/opt/AlexaPi/src/resources/beep.wav
08-23-2024 13:00:05 PM:Saying:Selamat tengahari!
08-23-2024 13:00:08 PM:Saying:Sekarang pukul 01:00
08-23-2024 13:19:31 PM:Saying:Telah menceritakan kepada kami [Ubaidullah bin Umar bin Maisarah] dan [Utsman bin Abi Syaibah] dengan makna yang sama dalam isnad dan lafazh hadits. Mereka berdua berkata, Telah menceritakan kepada kami [Abu Ahmad Az-Zubairi] dari [Yunus bin Al-Harits] dari [Abu 'Aun] dari [Ayahnya] dari [Al-Mughirah bin Syu'bah] dia berkata, Rasulullah sallallahu 'alaihi wasallam pernah solat di atas tikar dan kulit yang telah disamak. 
08-23-2024 13:20:12 PM:Saying:Hadis riwayat abu-daud
08-23-2024 13:20:15 PM:Bacaan hadith:-Kitab:abu-daud-collection_no:563
08-23-2024 14:00:04 PM:Playing:/opt/AlexaPi/src/resources/beep.wav
08-23-2024 14:00:04 PM:Saying:Selamat tengahari!
08-23-2024 14:00:12 PM:Saying:Sekarang pukul 02:00
08-23-2024 15:00:04 PM:Playing:/opt/AlexaPi/src/resources/beep.wav
08-23-2024 15:00:05 PM:Saying:Selamat petang!
08-23-2024 15:00:07 PM:Saying:Sekarang pukul 03:00
08-23-2024 16:00:04 PM:Playing:/opt/AlexaPi/src/resources/beep.wav
08-23-2024 16:00:05 PM:Saying:Selamat petang!
08-23-2024 16:00:08 PM:Saying:Sekarang pukul 04:00
08-23-2024 17:00:04 PM:Playing:/opt/AlexaPi/src/resources/beep.wav
08-23-2024 17:00:05 PM:Saying:Selamat petang!
08-23-2024 17:00:07 PM:Saying:Sekarang pukul 05:00
08-23-2024 18:00:04 PM:Playing:/opt/AlexaPi/src/resources/beep.wav
08-23-2024 18:00:05 PM:Saying:Selamat petang!
08-23-2024 18:00:07 PM:Saying:Sekarang pukul 06:00
08-23-2024 19:00:04 PM:Playing:/opt/AlexaPi/src/resources/beep.wav
08-23-2024 19:00:05 PM:Saying:Selamat petang!
08-23-2024 19:00:07 PM:Saying:Sekarang pukul 07:00
08-23-2024 19:24:25 PM:Playing:/home/pi/Music/Adzan/azan_macca.mp3
08-23-2024 20:00:04 PM:Playing:/opt/AlexaPi/src/resources/beep.wav
08-23-2024 20:00:05 PM:Saying:Selamat petang!
08-23-2024 20:00:07 PM:Saying:Sekarang pukul 08:00
08-23-2024 21:00:04 PM:Playing:/opt/AlexaPi/src/resources/beep.wav
08-23-2024 21:00:05 PM:Saying:Selamat petang!
08-23-2024 21:00:07 PM:Saying:Sekarang pukul 09:00
08-23-2024 22:00:04 PM:Playing:/opt/AlexaPi/src/resources/beep.wav
08-23-2024 22:00:05 PM:Saying:Selamat petang!
08-23-2024 22:00:07 PM:Saying:Sekarang pukul 10:00
08-24-2024 06:01:29 AM:Playing:/home/pi/Music/Adzan/azan_subuh_madina.mp3
08-24-2024 07:00:04 AM:Playing:/opt/AlexaPi/src/resources/beep.wav
08-24-2024 07:00:05 AM:Saying:Selamat pagi!
08-24-2024 07:00:07 AM:Saying:Sekarang pukul 07:00
08-24-2024 07:00:11 AM:Saying:Cuaca kini di Kajang, selangor, Hujan sederhana, manakala bacaan suhu adalah 23.6 Darjah selsius
08-24-2024 07:00:23 AM:Saying:Namun suhu terasa seperti 26.1 Darjah selsius
08-24-2024 07:00:29 AM:Saying:Kadar kelembapan sekitar 95 peratus
08-24-2024 07:00:34 AM:Saying:kelajuan angin bertiup 11.2 km per jam
08-24-2024 07:00:39 AM:Saying:Pendedahan sinar UV pada skala 1.0
08-24-2024 08:00:04 AM:Playing:/opt/AlexaPi/src/resources/beep.wav
08-24-2024 08:00:04 AM:Saying:Selamat pagi!
08-24-2024 08:00:07 AM:Saying:Sekarang pukul 08:00
08-24-2024 08:00:11 AM:Saying:Cuaca kini di Kajang, selangor, Hujan renyai, manakala bacaan suhu adalah 23.7 Darjah selsius
08-24-2024 08:00:25 AM:Saying:Namun suhu terasa seperti 26.1 Darjah selsius
08-24-2024 08:00:31 AM:Saying:Kadar kelembapan sekitar 94 peratus
08-24-2024 08:00:36 AM:Saying:kelajuan angin bertiup 10.8 km per jam
08-24-2024 08:00:42 AM:Saying:Pendedahan sinar UV pada skala 1.0
08-24-2024 09:00:04 AM:Playing:/opt/AlexaPi/src/resources/beep.wav
08-24-2024 09:00:05 AM:Saying:Selamat pagi!
08-24-2024 09:00:07 AM:Saying:Sekarang pukul 09:00
08-24-2024 10:00:04 AM:Playing:/opt/AlexaPi/src/resources/beep.wav
08-24-2024 10:00:05 AM:Saying:Selamat pagi!
08-24-2024 10:00:07 AM:Saying:Sekarang pukul 10:00
08-24-2024 11:00:04 AM:Playing:/opt/AlexaPi/src/resources/beep.wav
08-24-2024 11:00:05 AM:Saying:Selamat pagi!
08-24-2024 11:00:08 AM:Saying:Sekarang pukul 11:00
08-24-2024 12:00:04 PM:Playing:/opt/AlexaPi/src/resources/beep.wav
08-24-2024 12:00:05 PM:Saying:Selamat tengahari!
08-24-2024 12:00:07 PM:Saying:Sekarang pukul 12:00
08-24-2024 12:00:12 PM:Saying:Berikut adalah waktu solat bagi seluruh zon hulu langat, selangor dan kawasan - kawasan yang sewaktu denganya.
08-24-2024 12:00:23 PM:Saying:imsak 05:51 Pagi.
08-24-2024 12:00:28 PM:Saying: subuh 06:01 Pagi.
08-24-2024 12:00:31 PM:Saying: syuruk 07:09 Pagi.
08-24-2024 12:00:35 PM:Saying: zohor 01:18 Petang.
08-24-2024 12:00:39 PM:Saying: asar 04:31 Petang.
08-24-2024 12:00:43 PM:Saying: maghrib 07:24 Petang.
08-24-2024 12:00:47 PM:Saying: isyak 08:34 Petang.
08-24-2024 13:00:04 PM:Playing:/opt/AlexaPi/src/resources/beep.wav
08-24-2024 13:00:05 PM:Saying:Selamat tengahari!
08-24-2024 13:00:08 PM:Saying:Sekarang pukul 01:00
08-24-2024 14:00:04 PM:Playing:/opt/AlexaPi/src/resources/beep.wav
08-24-2024 14:00:05 PM:Saying:Selamat tengahari!
08-24-2024 14:00:07 PM:Saying:Sekarang pukul 02:00
08-24-2024 15:00:04 PM:Playing:/opt/AlexaPi/src/resources/beep.wav
08-24-2024 15:00:05 PM:Saying:Selamat petang!
08-24-2024 15:00:08 PM:Saying:Sekarang pukul 03:00
08-24-2024 16:00:03 PM:Playing:/opt/AlexaPi/src/resources/beep.wav
08-24-2024 16:00:04 PM:Saying:Selamat petang!
08-24-2024 16:00:07 PM:Saying:Sekarang pukul 04:00
08-24-2024 16:31:36 PM:Saying:Telah menceritakan kepada kami [Abu Bakar bin Abu Syaibah] dan [Muhammad bin al-Mutsanna] serta [Ibnu Basysyar] mereka berkata, telah menceritakan kepada kami [Muhammad bin Ja'far] dari [Syu'bah] dari [Ali bin Mudrik] dari [Abu Zur'ah] dari [Kharasyah bin al-Hurr] dari [Abu Dzar] dari Nabi sallallahu 'alaihi wasallam, beliau bersabda: 'Tiga golongan manusia yang Allah tidak akan mengajak mereka bicara pada hari kiamat, tidak melihat mereka, tidak mensucikan dosanya dan mereka akan mendapatkan siksa yang pedih.' Abu Dzar berkata lagi, 'Rasulullah sallallahu 'alaihi wasallam membacanya tiga kali. Abu Dzar berkata, 'Mereka gagal dan rugi, siapakah mereka wahai Rasulullah?' Beliau menjawab, 'Orang yang melakukan isbal (memanjangkan pakaian), orang yang suka memberi dengan menyebut-nyebutkannya (karena riya'), dan orang yang membuat lakubarang dagangan dengan sumpah palsu.'
08-24-2024 16:32:57 PM:Saying:Hadis riwayat muslim
08-24-2024 16:33:00 PM:Bacaan hadith:-Kitab:muslim-collection_no:154
08-24-2024 17:00:04 PM:Playing:/opt/AlexaPi/src/resources/beep.wav
08-24-2024 17:00:05 PM:Saying:Selamat petang!
08-24-2024 17:00:07 PM:Saying:Sekarang pukul 05:00
08-24-2024 18:00:05 PM:Playing:/opt/AlexaPi/src/resources/beep.wav
08-24-2024 18:00:06 PM:Saying:Selamat petang!
08-24-2024 18:00:09 PM:Saying:Sekarang pukul 06:00
08-24-2024 19:00:04 PM:Playing:/opt/AlexaPi/src/resources/beep.wav
08-24-2024 19:00:05 PM:Saying:Selamat petang!
08-24-2024 19:00:12 PM:Saying:Sekarang pukul 07:00
08-24-2024 19:24:25 PM:Playing:/home/pi/Music/Adzan/azan_macca.mp3
08-24-2024 20:00:03 PM:Playing:/opt/AlexaPi/src/resources/beep.wav
08-24-2024 20:00:04 PM:Saying:Selamat petang!
08-24-2024 20:00:07 PM:Saying:Sekarang pukul 08:00
08-24-2024 20:34:30 PM:Saying:Telah menceritakan kepada kami [Ahmad bin Sinan] berkata, telah menceritakan kepada kami [Yazid bin Harun] berkata, telah memberitakan kepada kami [Ishaq] dari [Musa bin Thalhah] ia berkata, Ketika kami sedang bersama [Mu'awiyah], ia lalu berkata, Aku bersaksi bahwa aku mendengar Rasulullah sallallahu 'alaihi wasallam bersabda: 'Thalhah termasuk dari orang yang akan gugur.'
08-24-2024 20:35:05 PM:Saying:Hadis riwayat ibnu-majah
08-24-2024 20:35:08 PM:Bacaan hadith:-Kitab:ibnu-majah-collection_no:124
08-24-2024 21:00:04 PM:Playing:/opt/AlexaPi/src/resources/beep.wav
08-24-2024 21:00:05 PM:Saying:Selamat petang!
08-24-2024 21:00:07 PM:Saying:Sekarang pukul 09:00
08-24-2024 22:00:04 PM:Playing:/opt/AlexaPi/src/resources/beep.wav
08-24-2024 22:00:05 PM:Saying:Selamat petang!
08-24-2024 22:00:07 PM:Saying:Sekarang pukul 10:00
08-25-2024 06:01:28 AM:Playing:/home/pi/Music/Adzan/azan_subuh_madina.mp3
08-25-2024 07:00:04 AM:Playing:/opt/AlexaPi/src/resources/beep.wav
08-25-2024 07:00:04 AM:Saying:Selamat pagi!
08-25-2024 07:00:07 AM:Saying:Sekarang pukul 07:00
08-25-2024 07:00:11 AM:Saying:Cuaca kini di Kajang, selangor, Hujan lebat, manakala bacaan suhu adalah 23.9 Darjah selsius
08-25-2024 07:00:23 AM:Saying:Namun suhu terasa seperti 26.5 Darjah selsius
08-25-2024 07:00:29 AM:Saying:Kadar kelembapan sekitar 96 peratus
08-25-2024 07:00:34 AM:Saying:kelajuan angin bertiup 10.4 km per jam
08-25-2024 07:00:40 AM:Saying:Pendedahan sinar UV pada skala 1.0
08-25-2024 08:00:04 AM:Playing:/opt/AlexaPi/src/resources/beep.wav
08-25-2024 08:00:05 AM:Saying:Selamat pagi!
08-25-2024 08:00:07 AM:Saying:Sekarang pukul 08:00
08-25-2024 08:00:11 AM:Saying:Cuaca kini di Kajang, selangor, Hujan lebat, manakala bacaan suhu adalah 23.8 Darjah selsius
08-25-2024 08:00:22 AM:Saying:Namun suhu terasa seperti 26.4 Darjah selsius
08-25-2024 08:00:28 AM:Saying:Kadar kelembapan sekitar 97 peratus
08-25-2024 08:00:33 AM:Saying:kelajuan angin bertiup 9.4 km per jam
08-25-2024 08:00:39 AM:Saying:Pendedahan sinar UV pada skala 1.0
08-25-2024 09:00:04 AM:Playing:/opt/AlexaPi/src/resources/beep.wav
08-25-2024 09:00:05 AM:Saying:Selamat pagi!
08-25-2024 09:00:07 AM:Saying:Sekarang pukul 09:00
08-25-2024 10:00:04 AM:Playing:/opt/AlexaPi/src/resources/beep.wav
08-25-2024 10:00:04 AM:Saying:Selamat pagi!
08-25-2024 10:00:07 AM:Saying:Sekarang pukul 10:00
08-25-2024 11:00:04 AM:Playing:/opt/AlexaPi/src/resources/beep.wav
08-25-2024 11:00:05 AM:Saying:Selamat pagi!
08-25-2024 11:00:07 AM:Saying:Sekarang pukul 11:00
08-25-2024 12:00:04 PM:Playing:/opt/AlexaPi/src/resources/beep.wav
08-25-2024 12:00:05 PM:Saying:Selamat tengahari!
08-25-2024 12:00:07 PM:Saying:Sekarang pukul 12:00
08-25-2024 12:00:11 PM:Saying:Berikut adalah waktu solat bagi seluruh zon hulu langat, selangor dan kawasan - kawasan yang sewaktu denganya.
08-25-2024 12:00:21 PM:Saying:imsak 05:51 Pagi.
08-25-2024 12:00:31 PM:Saying: subuh 06:01 Pagi.
08-25-2024 12:00:35 PM:Saying: syuruk 07:08 Pagi.
08-25-2024 12:00:38 PM:Saying: zohor 01:18 Petang.
08-25-2024 12:00:42 PM:Saying: asar 04:30 Petang.
08-25-2024 12:00:46 PM:Saying: maghrib 07:23 Petang.
08-25-2024 12:00:50 PM:Saying: isyak 08:33 Petang.
08-25-2024 13:00:03 PM:Playing:/opt/AlexaPi/src/resources/beep.wav
08-25-2024 13:00:04 PM:Saying:Selamat tengahari!
08-25-2024 13:00:07 PM:Saying:Sekarang pukul 01:00
08-25-2024 13:18:38 PM:Saying:Telah mengabarkan kepada kami ['Amr bin Manshur] dia berkata, telah menceritakan kepada kami ['Ali bin 'Ayyasy] dia berkata, telah menceritakan kepada kami [Syu'aib] dari [Az Zuhri] dia berkata, telah menceritakan kepadaku [Salim] -dan lewat jalur periwayatan lain- dan telah mengabarkan kepadaku [Ahmad bin Muhammad bin Al Mughirah] dia berkata, telah menceritakan kepada kami ['Utsman bin Sa'id] dari [Syu'aib] dari [Muhammad Az Zuhri] dia berkata, telah mengabarkan kepadaku [Salim bin Abdullah bin 'Umar] dari [Ibnu 'Umar] dia berkata, 'Aku melihat Rasulullah Sallallahu'alaihi wasallam jika memulai takbir dalam solat maka beliau mengangkat kedua tangannya sampai lurus dengan pundaknya. Beliau juga melakukan hal tersebut saat takbir untuk ruku' dan saat mengangkat kepala dari ruku' sambil mengucapkan 'Sami'allahu liman hamidah (Allah Maha Mendengar siapa yang memuji-Nya) ', lalu mengucapkan 'Rabbana iakal hamdu (Wahai Tuhan kami, untuk-Mu segala pujian) '. Beliau Sallallahu'alaihi wasallam tidak melakukannya saat sujud dan tidak pula saat mengangkat kepalanya dari sujud.'
08-25-2024 13:20:21 PM:Saying:Hadis riwayat nasa'i
08-25-2024 13:20:23 PM:Bacaan hadith:-Kitab:nasa'i-collection_no:866
08-25-2024 14:00:04 PM:Playing:/opt/AlexaPi/src/resources/beep.wav
08-25-2024 14:00:05 PM:Saying:Selamat tengahari!
08-25-2024 14:00:07 PM:Saying:Sekarang pukul 02:00
08-25-2024 15:00:04 PM:Playing:/opt/AlexaPi/src/resources/beep.wav
08-25-2024 15:00:05 PM:Saying:Selamat petang!
08-25-2024 15:00:07 PM:Saying:Sekarang pukul 03:00
08-25-2024 16:00:04 PM:Playing:/opt/AlexaPi/src/resources/beep.wav
08-25-2024 16:00:05 PM:Saying:Selamat petang!
08-25-2024 16:00:07 PM:Saying:Sekarang pukul 04:00
08-25-2024 17:00:04 PM:Playing:/opt/AlexaPi/src/resources/beep.wav
08-25-2024 17:00:05 PM:Saying:Selamat petang!
08-25-2024 17:00:07 PM:Saying:Sekarang pukul 05:00
08-25-2024 18:00:04 PM:Playing:/opt/AlexaPi/src/resources/beep.wav
08-25-2024 18:00:05 PM:Saying:Selamat petang!
08-25-2024 18:00:07 PM:Saying:Sekarang pukul 06:00
08-25-2024 19:00:04 PM:Playing:/opt/AlexaPi/src/resources/beep.wav
08-25-2024 19:00:05 PM:Saying:Selamat petang!
08-25-2024 19:00:07 PM:Saying:Sekarang pukul 07:00
08-25-2024 20:00:04 PM:Playing:/opt/AlexaPi/src/resources/beep.wav
08-25-2024 20:00:05 PM:Saying:Selamat petang!
08-25-2024 20:00:08 PM:Saying:Sekarang pukul 08:00
08-25-2024 21:00:04 PM:Playing:/opt/AlexaPi/src/resources/beep.wav
08-25-2024 21:00:05 PM:Saying:Selamat petang!
08-25-2024 21:00:08 PM:Saying:Sekarang pukul 09:00
08-25-2024 22:00:02 PM:Playing:/opt/AlexaPi/src/resources/beep.wav
08-25-2024 22:00:04 PM:Saying:Selamat petang!
08-25-2024 22:00:07 PM:Saying:Sekarang pukul 10:00
08-26-2024 07:00:05 AM:Playing:/opt/AlexaPi/src/resources/beep.wav
08-26-2024 07:00:06 AM:Saying:Selamat pagi!
08-26-2024 07:00:08 AM:Saying:Sekarang pukul 07:00
08-26-2024 07:00:13 AM:Saying:Cuaca kini di Kajang, selangor, Hujan renyai-renyai bertompok-tompok, manakala bacaan suhu adalah 24.8 Darjah selsius
08-26-2024 07:00:26 AM:Saying:Namun suhu terasa seperti 27.5 Darjah selsius
08-26-2024 07:00:32 AM:Saying:Kadar kelembapan sekitar 90 peratus
08-26-2024 07:00:36 AM:Saying:kelajuan angin bertiup 5.8 km per jam
08-26-2024 07:00:42 AM:Saying:Pendedahan sinar UV pada skala 1.0
08-26-2024 08:00:05 AM:Playing:/opt/AlexaPi/src/resources/beep.wav
08-26-2024 08:00:06 AM:Saying:Selamat pagi!
08-26-2024 08:00:08 AM:Saying:Sekarang pukul 08:00
08-26-2024 08:00:13 AM:Saying:Cuaca kini di Kajang, selangor, Pancuran hujan ringan, manakala bacaan suhu adalah 24.5 Darjah selsius
08-26-2024 08:00:25 AM:Saying:Namun suhu terasa seperti 27.1 Darjah selsius
08-26-2024 08:00:31 AM:Saying:Kadar kelembapan sekitar 91 peratus
08-26-2024 08:00:36 AM:Saying:kelajuan angin bertiup 5.0 km per jam
08-26-2024 08:00:42 AM:Saying:Pendedahan sinar UV pada skala 1.0
08-26-2024 09:00:04 AM:Playing:/opt/AlexaPi/src/resources/beep.wav
08-26-2024 09:00:05 AM:Saying:Selamat pagi!
08-26-2024 09:00:07 AM:Saying:Sekarang pukul 09:00
08-26-2024 10:00:04 AM:Playing:/opt/AlexaPi/src/resources/beep.wav
08-26-2024 10:00:05 AM:Saying:Selamat pagi!
08-26-2024 10:00:08 AM:Saying:Sekarang pukul 10:00
08-26-2024 11:00:05 AM:Playing:/opt/AlexaPi/src/resources/beep.wav
08-26-2024 11:00:06 AM:Saying:Selamat pagi!
08-26-2024 11:00:08 AM:Saying:Sekarang pukul 11:00
08-26-2024 12:00:05 PM:Playing:/opt/AlexaPi/src/resources/beep.wav
08-26-2024 12:00:05 PM:Saying:Selamat tengahari!
08-26-2024 12:00:08 PM:Saying:Sekarang pukul 12:00
08-26-2024 12:00:13 PM:Saying:Berikut adalah waktu solat bagi seluruh zon hulu langat, selangor dan kawasan - kawasan yang sewaktu denganya.
08-26-2024 12:00:22 PM:Saying:imsak 05:50 Pagi.
08-26-2024 12:00:26 PM:Saying: subuh 06:00 Pagi.
08-26-2024 12:00:29 PM:Saying: syuruk 07:08 Pagi.
08-26-2024 12:00:33 PM:Saying: zohor 01:18 Petang.
08-26-2024 12:00:37 PM:Saying: asar 04:29 Petang.
08-26-2024 12:00:41 PM:Saying: maghrib 07:23 Petang.
08-26-2024 12:00:45 PM:Saying: isyak 08:33 Petang.
08-26-2024 13:00:04 PM:Playing:/opt/AlexaPi/src/resources/beep.wav
08-26-2024 13:00:04 PM:Saying:Selamat tengahari!
08-26-2024 13:00:07 PM:Saying:Sekarang pukul 01:00
08-26-2024 13:18:30 PM:Saying:Telah mengabarkan kepada kami [Qutaibah] dia berkata, telah menceritakan kepada kami [Sufyan] dari [Az-Zuhri] dari [Humaid bin Abdurrahman] dari [Abu Sa'id Al Khurdri] bahwa Nabi Sallallahu'alaihi wasallam melihat dahak di tembok bagian arah kiblat masjid, maka beliau mengeroknya dengan batu kecil dan melarang untuk meludah di depan atau di samping kanannya. Beliau bersabda, 'Hendaklah ia meludah ke arah kiri atau bawah telapak kaki kirinya.'
08-26-2024 13:19:11 PM:Saying:Hadis riwayat nasa'i
08-26-2024 13:19:14 PM:Bacaan hadith:-Kitab:nasa'i-collection_no:717
08-26-2024 14:00:06 PM:Playing:/opt/AlexaPi/src/resources/beep.wav
08-26-2024 14:00:07 PM:Saying:Selamat tengahari!
08-26-2024 14:00:10 PM:Saying:Sekarang pukul 02:00
08-26-2024 15:00:05 PM:Playing:/opt/AlexaPi/src/resources/beep.wav
08-26-2024 15:00:05 PM:Saying:Selamat petang!
08-26-2024 15:00:08 PM:Saying:Sekarang pukul 03:00
08-26-2024 16:00:07 PM:Playing:/opt/AlexaPi/src/resources/beep.wav
08-26-2024 16:00:08 PM:Saying:Selamat petang!
08-26-2024 16:00:10 PM:Saying:Sekarang pukul 04:00
08-26-2024 17:00:04 PM:Playing:/opt/AlexaPi/src/resources/beep.wav
08-26-2024 17:00:05 PM:Saying:Selamat petang!
08-26-2024 17:00:07 PM:Saying:Sekarang pukul 05:00
08-26-2024 18:00:04 PM:Playing:/opt/AlexaPi/src/resources/beep.wav
08-26-2024 18:00:05 PM:Saying:Selamat petang!
08-26-2024 18:00:07 PM:Saying:Sekarang pukul 06:00
08-26-2024 19:00:05 PM:Playing:/opt/AlexaPi/src/resources/beep.wav
08-26-2024 19:00:06 PM:Saying:Selamat petang!
08-26-2024 19:00:09 PM:Saying:Sekarang pukul 07:00
08-26-2024 19:23:38 PM:Playing:/home/pi/Music/Adzan/azan_macca.mp3
08-26-2024 20:00:04 PM:Playing:/opt/AlexaPi/src/resources/beep.wav
08-26-2024 20:00:05 PM:Saying:Selamat petang!
08-26-2024 20:00:08 PM:Saying:Sekarang pukul 08:00
08-26-2024 20:33:34 PM:Saying:Telah menceritakan kepada kami [Muhammad bin Katsir] telah mengabarkan kepada kami [Syu'bah] dari ['Amru bin Dinar] dari [Thawus] dari [Ibnu Abbas] dari Nabi sallallahu 'alaihi wasallam beliau bersabda: 'Aku di perintah' atau sepertinya bersabda: 'Nabi kalian sallallahu 'alaihi wasallam telah di perintahkan supaya melakukan sujud atas tujuh macam anggota badan.'
08-26-2024 20:34:08 PM:Saying:Hadis riwayat abu-daud
08-26-2024 20:34:11 PM:Bacaan hadith:-Kitab:abu-daud-collection_no:756
08-26-2024 21:00:04 PM:Playing:/opt/AlexaPi/src/resources/beep.wav
08-26-2024 21:00:05 PM:Saying:Selamat petang!
08-26-2024 21:00:08 PM:Saying:Sekarang pukul 09:00
08-26-2024 22:00:04 PM:Playing:/opt/AlexaPi/src/resources/beep.wav
08-26-2024 22:00:05 PM:Saying:Selamat petang!
08-26-2024 22:00:08 PM:Saying:Sekarang pukul 10:00
08-27-2024 06:00:26 AM:Playing:/home/pi/Music/Adzan/azan_subuh_madina.mp3
08-27-2024 07:00:04 AM:Playing:/opt/AlexaPi/src/resources/beep.wav
08-27-2024 07:00:05 AM:Saying:Selamat pagi!
08-27-2024 07:00:07 AM:Saying:Sekarang pukul 07:00
08-27-2024 07:00:17 AM:Saying:Cuaca kini di Kajang, selangor, Pancuran hujan ringan, manakala bacaan suhu adalah 25.0 Darjah selsius
08-27-2024 07:00:29 AM:Saying:Namun suhu terasa seperti 27.6 Darjah selsius
08-27-2024 07:00:35 AM:Saying:Kadar kelembapan sekitar 88 peratus
08-27-2024 07:00:40 AM:Saying:kelajuan angin bertiup 7.9 km per jam
08-27-2024 07:00:46 AM:Saying:Pendedahan sinar UV pada skala 1.0
08-27-2024 08:00:04 AM:Playing:/opt/AlexaPi/src/resources/beep.wav
08-27-2024 08:00:05 AM:Saying:Selamat pagi!
08-27-2024 08:00:08 AM:Saying:Sekarang pukul 08:00
08-27-2024 08:00:12 AM:Saying:Cuaca kini di Kajang, selangor, Pancuran hujan sederhana atau lebat, manakala bacaan suhu adalah 24.9 Darjah selsius
08-27-2024 08:00:25 AM:Saying:Namun suhu terasa seperti 27.6 Darjah selsius
08-27-2024 08:00:32 AM:Saying:Kadar kelembapan sekitar 90 peratus
08-27-2024 08:00:36 AM:Saying:kelajuan angin bertiup 5.4 km per jam
08-27-2024 08:00:42 AM:Saying:Pendedahan sinar UV pada skala 1.0
08-27-2024 09:00:05 AM:Playing:/opt/AlexaPi/src/resources/beep.wav
08-27-2024 09:00:05 AM:Saying:Selamat pagi!
08-27-2024 09:00:08 AM:Saying:Sekarang pukul 09:00
08-27-2024 10:00:04 AM:Playing:/opt/AlexaPi/src/resources/beep.wav
08-27-2024 10:00:05 AM:Saying:Selamat pagi!
08-27-2024 10:00:08 AM:Saying:Sekarang pukul 10:00
08-27-2024 11:00:04 AM:Playing:/opt/AlexaPi/src/resources/beep.wav
08-27-2024 11:00:05 AM:Saying:Selamat pagi!
08-27-2024 11:00:08 AM:Saying:Sekarang pukul 11:00
08-27-2024 12:00:04 PM:Playing:/opt/AlexaPi/src/resources/beep.wav
08-27-2024 12:00:05 PM:Saying:Selamat tengahari!
08-27-2024 12:00:08 PM:Saying:Sekarang pukul 12:00
08-27-2024 12:00:12 PM:Saying:Berikut adalah waktu solat bagi seluruh zon hulu langat, selangor dan kawasan - kawasan yang sewaktu denganya.
08-27-2024 12:00:21 PM:Saying:imsak 05:50 Pagi.
08-27-2024 12:00:25 PM:Saying: subuh 06:00 Pagi.
08-27-2024 12:00:28 PM:Saying: syuruk 07:08 Pagi.
08-27-2024 12:00:32 PM:Saying: zohor 01:17 Petang.
08-27-2024 12:00:36 PM:Saying: asar 04:28 Petang.
08-27-2024 12:00:40 PM:Saying: maghrib 07:22 Petang.
08-27-2024 12:00:44 PM:Saying: isyak 08:32 Petang.
08-27-2024 13:00:04 PM:Playing:/opt/AlexaPi/src/resources/beep.wav
08-27-2024 13:00:05 PM:Saying:Selamat tengahari!
08-27-2024 13:00:08 PM:Saying:Sekarang pukul 01:00
08-27-2024 14:00:04 PM:Playing:/opt/AlexaPi/src/resources/beep.wav
08-27-2024 14:00:05 PM:Saying:Selamat tengahari!
08-27-2024 14:00:08 PM:Saying:Sekarang pukul 02:00
08-27-2024 15:00:04 PM:Playing:/opt/AlexaPi/src/resources/beep.wav
08-27-2024 15:00:05 PM:Saying:Selamat petang!
08-27-2024 15:00:08 PM:Saying:Sekarang pukul 03:00
08-27-2024 16:00:04 PM:Playing:/opt/AlexaPi/src/resources/beep.wav
08-27-2024 16:00:05 PM:Saying:Selamat petang!
08-27-2024 16:00:08 PM:Saying:Sekarang pukul 04:00
08-27-2024 17:00:04 PM:Playing:/opt/AlexaPi/src/resources/beep.wav
08-27-2024 17:00:05 PM:Saying:Selamat petang!
08-27-2024 17:00:07 PM:Saying:Sekarang pukul 05:00
08-27-2024 18:00:05 PM:Playing:/opt/AlexaPi/src/resources/beep.wav
08-27-2024 18:00:06 PM:Saying:Selamat petang!
08-27-2024 18:00:08 PM:Saying:Sekarang pukul 06:00
08-27-2024 19:00:04 PM:Playing:/opt/AlexaPi/src/resources/beep.wav
08-27-2024 19:00:05 PM:Saying:Selamat petang!
08-27-2024 19:00:07 PM:Saying:Sekarang pukul 07:00
08-27-2024 20:00:04 PM:Playing:/opt/AlexaPi/src/resources/beep.wav
08-27-2024 20:00:05 PM:Saying:Selamat petang!
08-27-2024 20:00:08 PM:Saying:Sekarang pukul 08:00
08-27-2024 21:00:05 PM:Playing:/opt/AlexaPi/src/resources/beep.wav
08-27-2024 21:00:11 PM:Saying:Selamat petang!
08-27-2024 21:00:13 PM:Saying:Sekarang pukul 09:00
08-27-2024 22:00:04 PM:Playing:/opt/AlexaPi/src/resources/beep.wav
08-27-2024 22:00:05 PM:Saying:Selamat petang!
08-27-2024 22:00:08 PM:Saying:Sekarang pukul 10:00
08-28-2024 06:00:35 AM:Playing:/home/pi/Music/Adzan/azan_subuh_madina.mp3
08-28-2024 07:00:04 AM:Playing:/opt/AlexaPi/src/resources/beep.wav
08-28-2024 07:00:05 AM:Saying:Selamat pagi!
08-28-2024 07:00:07 AM:Saying:Sekarang pukul 07:00
08-28-2024 07:00:12 AM:Saying:Cuaca kini di Kajang, selangor, Hujan lebat berdekatan, manakala bacaan suhu adalah 24.2 Darjah selsius
08-28-2024 07:00:24 AM:Saying:Namun suhu terasa seperti 26.6 Darjah selsius
08-28-2024 07:00:30 AM:Saying:Kadar kelembapan sekitar 89 peratus
08-28-2024 07:00:35 AM:Saying:kelajuan angin bertiup 9.7 km per jam
08-28-2024 07:00:41 AM:Saying:Pendedahan sinar UV pada skala 1.0
08-28-2024 08:00:05 AM:Playing:/opt/AlexaPi/src/resources/beep.wav
08-28-2024 08:00:06 AM:Saying:Selamat pagi!
08-28-2024 08:00:08 AM:Saying:Sekarang pukul 08:00
08-28-2024 08:00:12 AM:Saying:Cuaca kini di Kajang, selangor, mendung, manakala bacaan suhu adalah 24.1 Darjah selsius
08-28-2024 08:00:22 AM:Saying:Namun suhu terasa seperti 26.4 Darjah selsius
08-28-2024 08:00:28 AM:Saying:Kadar kelembapan sekitar 89 peratus
08-28-2024 08:00:33 AM:Saying:kelajuan angin bertiup 10.1 km per jam
08-28-2024 08:00:39 AM:Saying:Pendedahan sinar UV pada skala 5.0
08-28-2024 09:00:04 AM:Playing:/opt/AlexaPi/src/resources/beep.wav
08-28-2024 09:00:05 AM:Saying:Selamat pagi!
08-28-2024 09:00:07 AM:Saying:Sekarang pukul 09:00
08-28-2024 10:00:04 AM:Playing:/opt/AlexaPi/src/resources/beep.wav
08-28-2024 10:00:05 AM:Saying:Selamat pagi!
08-28-2024 10:00:07 AM:Saying:Sekarang pukul 10:00
08-28-2024 11:00:04 AM:Playing:/opt/AlexaPi/src/resources/beep.wav
08-28-2024 11:00:05 AM:Saying:Selamat pagi!
08-28-2024 11:00:07 AM:Saying:Sekarang pukul 11:00
08-28-2024 12:00:04 PM:Playing:/opt/AlexaPi/src/resources/beep.wav
08-28-2024 12:00:05 PM:Saying:Selamat tengahari!
08-28-2024 12:00:07 PM:Saying:Sekarang pukul 12:00
08-28-2024 12:00:11 PM:Saying:Berikut adalah waktu solat bagi seluruh zon hulu langat, selangor dan kawasan - kawasan yang sewaktu denganya.
08-28-2024 12:00:21 PM:Saying:imsak 05:50 Pagi.
08-28-2024 12:00:25 PM:Saying: subuh 06:00 Pagi.
08-28-2024 12:00:27 PM:Saying: syuruk 07:08 Pagi.
08-28-2024 12:00:31 PM:Saying: zohor 01:17 Petang.
08-28-2024 12:00:35 PM:Saying: asar 04:27 Petang.
08-28-2024 12:00:39 PM:Saying: maghrib 07:22 Petang.
08-28-2024 12:00:43 PM:Saying: isyak 08:32 Petang.
08-28-2024 13:00:04 PM:Playing:/opt/AlexaPi/src/resources/beep.wav
08-28-2024 13:00:05 PM:Saying:Selamat tengahari!
08-28-2024 13:00:08 PM:Saying:Sekarang pukul 01:00
08-28-2024 13:17:31 PM:Saying:Telah menceritakan kepada kami [Yahya bin Hakim] berkata, telah menceritakan kepada kami [Ibnu Abu 'Adi] dari [Ibnu 'Aun] dari [Anas bin Sirin] dari [Abdul Hamid bin Al Mundzir bin Al Jarud] dari [Anas bin Malik] ia berkata, Sebagian dari bibiku membuatkan makanan untuk Nabi sallallahu 'alaihi wasallam, lalu ia berkata kepada Nabi sallallahu 'alaihi wasallam, 'Aku suka jika engkau makan dan solat di rumahku.' Anas berkata, 'Kemudian beliau mendatanginya, sementara di rumah ada tikar, beliau memerintahkan memegang bagian ujungnya agar di bersihkan dan diperciki air. Kemudian beliau solat dan kami solat bersamanya.' Abu Abdullah Ibnu Majah berkata, 'Al Fahlu adalah tikar yang sudah menghitam lusuh.'
08-28-2024 13:18:38 PM:Saying:Hadis riwayat ibnu-majah
08-28-2024 13:18:40 PM:Bacaan hadith:-Kitab:ibnu-majah-collection_no:748
08-28-2024 14:00:04 PM:Playing:/opt/AlexaPi/src/resources/beep.wav
08-28-2024 14:00:05 PM:Saying:Selamat tengahari!
08-28-2024 14:00:08 PM:Saying:Sekarang pukul 02:00
08-28-2024 15:00:04 PM:Playing:/opt/AlexaPi/src/resources/beep.wav
08-28-2024 15:00:05 PM:Saying:Selamat petang!
08-28-2024 15:00:07 PM:Saying:Sekarang pukul 03:00
08-28-2024 16:00:04 PM:Playing:/opt/AlexaPi/src/resources/beep.wav
08-28-2024 16:00:06 PM:Saying:Selamat petang!
08-28-2024 16:00:08 PM:Saying:Sekarang pukul 04:00
08-28-2024 17:00:08 PM:Playing:/opt/AlexaPi/src/resources/beep.wav
08-28-2024 17:00:09 PM:Saying:Selamat petang!
08-28-2024 17:00:11 PM:Saying:Sekarang pukul 05:00
08-28-2024 18:00:04 PM:Playing:/opt/AlexaPi/src/resources/beep.wav
08-28-2024 18:00:05 PM:Saying:Selamat petang!
08-28-2024 18:00:08 PM:Saying:Sekarang pukul 06:00
08-28-2024 19:00:08 PM:Playing:/opt/AlexaPi/src/resources/beep.wav
08-28-2024 19:00:09 PM:Saying:Selamat petang!
08-28-2024 19:00:11 PM:Saying:Sekarang pukul 07:00
08-28-2024 19:22:27 PM:Playing:/home/pi/Music/Adzan/azan_macca.mp3
08-28-2024 20:00:04 PM:Playing:/opt/AlexaPi/src/resources/beep.wav
08-28-2024 20:00:05 PM:Saying:Selamat petang!
08-28-2024 20:00:07 PM:Saying:Sekarang pukul 08:00
08-28-2024 20:32:34 PM:Saying:Telah menceritakan kepada kami [Abdullah bin Muhammad An Nufaili] telah menceritakan kepada kami [Zuhair] telah menceritakan kepada kami [Abu Ishaq] dari [At Taimi] yang menceritakan dengan tafsir, dari [Ibnu Abbas] dia berkata, saya menemui Nabi sallallahu 'alaihi wasallam dari belakang beliau, lalu aku melihat putih ketiaknya ketika beliau menungging (sujud), beliau merenggangkan antara kedua tangannya.'
08-28-2024 20:33:12 PM:Saying:Hadis riwayat abu-daud
08-28-2024 20:33:14 PM:Bacaan hadith:-Kitab:abu-daud-collection_no:764
08-28-2024 21:00:04 PM:Playing:/opt/AlexaPi/src/resources/beep.wav
08-28-2024 21:00:05 PM:Saying:Selamat petang!
08-28-2024 21:00:07 PM:Saying:Sekarang pukul 09:00
08-28-2024 22:00:04 PM:Playing:/opt/AlexaPi/src/resources/beep.wav
08-28-2024 22:00:05 PM:Saying:Selamat petang!
08-28-2024 22:00:07 PM:Saying:Sekarang pukul 10:00
08-29-2024 06:00:33 AM:Playing:/home/pi/Music/Adzan/azan_subuh_madina.mp3
08-29-2024 07:00:04 AM:Playing:/opt/AlexaPi/src/resources/beep.wav
08-29-2024 07:00:05 AM:Saying:Selamat pagi!
08-29-2024 07:00:07 AM:Saying:Sekarang pukul 07:00
08-29-2024 07:00:12 AM:Saying:Cuaca kini di Kajang, selangor, Sebahagian Mendung, manakala bacaan suhu adalah 25.1 Darjah selsius
08-29-2024 07:00:23 AM:Saying:Namun suhu terasa seperti 27.7 Darjah selsius
08-29-2024 07:00:29 AM:Saying:Kadar kelembapan sekitar 86 peratus
08-29-2024 07:00:33 AM:Saying:kelajuan angin bertiup 5.8 km per jam
08-29-2024 07:00:39 AM:Saying:Pendedahan sinar UV pada skala 1.0
08-29-2024 08:00:04 AM:Playing:/opt/AlexaPi/src/resources/beep.wav
08-29-2024 08:00:05 AM:Saying:Selamat pagi!
08-29-2024 08:00:07 AM:Saying:Sekarang pukul 08:00
08-29-2024 08:00:12 AM:Saying:Cuaca kini di Kajang, selangor, Sebahagian Mendung, manakala bacaan suhu adalah 25.4 Darjah selsius
08-29-2024 08:00:23 AM:Saying:Namun suhu terasa seperti 28.0 Darjah selsius
08-29-2024 08:00:29 AM:Saying:Kadar kelembapan sekitar 84 peratus
08-29-2024 08:00:34 AM:Saying:kelajuan angin bertiup 3.6 km per jam
08-29-2024 08:00:39 AM:Saying:Pendedahan sinar UV pada skala 7.0
08-29-2024 09:00:04 AM:Playing:/opt/AlexaPi/src/resources/beep.wav
08-29-2024 09:00:05 AM:Saying:Selamat pagi!
08-29-2024 09:00:08 AM:Saying:Sekarang pukul 09:00
08-29-2024 10:00:04 AM:Playing:/opt/AlexaPi/src/resources/beep.wav
08-29-2024 10:00:05 AM:Saying:Selamat pagi!
08-29-2024 10:00:07 AM:Saying:Sekarang pukul 10:00
08-29-2024 11:00:03 AM:Playing:/opt/AlexaPi/src/resources/beep.wav
08-29-2024 11:00:05 AM:Saying:Selamat pagi!
08-29-2024 11:00:07 AM:Saying:Sekarang pukul 11:00
08-29-2024 12:00:04 PM:Playing:/opt/AlexaPi/src/resources/beep.wav
08-29-2024 12:00:06 PM:Saying:Selamat tengahari!
08-29-2024 12:00:09 PM:Saying:Sekarang pukul 12:00
08-29-2024 12:00:13 PM:Saying:Berikut adalah waktu solat bagi seluruh zon hulu langat, selangor dan kawasan - kawasan yang sewaktu denganya.
08-29-2024 12:00:22 PM:Saying:imsak 05:50 Pagi.
08-29-2024 12:00:26 PM:Saying: subuh 06:00 Pagi.
08-29-2024 12:00:29 PM:Saying: syuruk 07:07 Pagi.
08-29-2024 12:00:33 PM:Saying: zohor 01:17 Petang.
08-29-2024 12:00:37 PM:Saying: asar 04:27 Petang.
08-29-2024 12:00:41 PM:Saying: maghrib 07:22 Petang.
08-29-2024 12:00:45 PM:Saying: isyak 08:31 Petang.
08-29-2024 13:00:04 PM:Playing:/opt/AlexaPi/src/resources/beep.wav
08-29-2024 13:00:05 PM:Saying:Selamat tengahari!
08-29-2024 13:00:08 PM:Saying:Sekarang pukul 01:00
08-29-2024 13:17:41 PM:Saying:Telah menceritakan kepadaku [Abu ath-Thahir] dan [Harmalah] keduanya berkata, telah mengabarkan kepada kami [Ibnu Wahb] telah menceritakan kepadaku [Yunus] dari [Ibnu Syihab] dari [Sa'id bin al-Musayyab] dari [Abu Hurairah ra] dia berkata, Rasulullah sallallahu'alaihiwasallam bersabda, 'Aku diutus dengan membawa Jawami' al-Kalim dan aku ditolong dengan perasaan takut (yang dihunjamkan di dada-dada musuhku), dan ketika aku tidur aku diberi kunci-kunci gudang penyimpanan bumi, lalu diletakkan di hadapanku.' Abu Hurairah berkata, 'Lalu Rasulullah Sallallahu'alaihiwasallam pergi, dan kamu berusaha mengeluarkan sesuatu yang ada di dalamnya.' Dan telah menceritakan kepada kami [Hajib bin al-Walid] telah menceritakan kepada kami [Muhammad bin Harb] dari [az-Zubaidi] dari [az-Zuhri] telah mengabarkan kepadaku [Sa'id bin al-Musayyab] dan [Abu Salamah bin Abdurrahman] bahwa [Abu Hurairah ra] berkata, 'Saya mendengar Rasulullah sallallahu'alaihiwasallam bersabda semisal hadits Yunus. Telah menceritakan kepada kami [Muhammad bin Rafi'] dan ['Abd bin Humaid] keduanya berkata, telah menceritakan kepada kami [Abdurrazzaq] telah mengabarkan kepada kami [Ma'mar] dari [az-Zuhri] dari [Ibnu al-Musayyab] dan [Abu Salamah] dari [Abu Hurairah radhiyallahu'anhu] dari Nabi Sallallahu'alaihiwasallam dengan hadits semisalnya.
08-29-2024 13:19:48 PM:Saying:Hadis riwayat muslim
08-29-2024 13:19:50 PM:Bacaan hadith:-Kitab:muslim-collection_no:813
08-29-2024 14:00:04 PM:Playing:/opt/AlexaPi/src/resources/beep.wav
08-29-2024 14:00:05 PM:Saying:Selamat tengahari!
08-29-2024 14:00:08 PM:Saying:Sekarang pukul 02:00
08-29-2024 15:00:04 PM:Playing:/opt/AlexaPi/src/resources/beep.wav
08-29-2024 15:00:05 PM:Saying:Selamat petang!
08-29-2024 15:00:08 PM:Saying:Sekarang pukul 03:00
08-29-2024 16:00:04 PM:Playing:/opt/AlexaPi/src/resources/beep.wav
08-29-2024 16:00:06 PM:Saying:Selamat petang!
08-29-2024 16:00:08 PM:Saying:Sekarang pukul 04:00
08-29-2024 16:27:32 PM:Saying:Telah menceritakan kepada kami [Muhammad bin Basysyar] dan [Muhammad bin Al Mutsanna] keduanya berkata, telah menceritakan kepada kami [Yahya bin Sa'id] dari [Syu'bah] dari [Qatadah] dari [Anas bin Malik] dari [Abu Musa Al Asy'ari] dari Nabi sallallahu 'alaihi wasallam, beliau bersabda: 'Perumpamaan orang mukmin yang membaca Al Qur`an seperti buah utrujah, rasanya enak dan baunya harum. Perumpamaan orang mukmin yang tidak membaca Al Qur`an seperti buah kurma, rasanya enak namun tidak berbau. Dan perumpamaan orang munafik yang membaca Al Qur`an seperti buah Raihanah, baunya harum sedang rasanya pahit. Sementara perumpamaan orang munafik yang tidak membaca Al Qur`an adalah seperti buah Hanzhalah, rasanya pahit dan tidak berbau.'
08-29-2024 16:28:45 PM:Saying:Hadis riwayat ibnu-majah
08-29-2024 16:28:48 PM:Bacaan hadith:-Kitab:ibnu-majah-collection_no:210
08-29-2024 17:00:04 PM:Playing:/opt/AlexaPi/src/resources/beep.wav
08-29-2024 17:00:06 PM:Saying:Selamat petang!
08-29-2024 17:00:08 PM:Saying:Sekarang pukul 05:00
08-29-2024 18:00:04 PM:Playing:/opt/AlexaPi/src/resources/beep.wav
08-29-2024 18:00:05 PM:Saying:Selamat petang!
08-29-2024 18:00:08 PM:Saying:Sekarang pukul 06:00
08-29-2024 19:00:04 PM:Playing:/opt/AlexaPi/src/resources/beep.wav
08-29-2024 19:00:06 PM:Saying:Selamat petang!
08-29-2024 19:00:08 PM:Saying:Sekarang pukul 07:00
08-29-2024 19:22:28 PM:Playing:/home/pi/Music/Adzan/azan_macca.mp3
08-29-2024 20:00:04 PM:Playing:/opt/AlexaPi/src/resources/beep.wav
08-29-2024 20:00:05 PM:Saying:Selamat petang!
08-29-2024 20:00:08 PM:Saying:Sekarang pukul 08:00
08-29-2024 21:00:04 PM:Playing:/opt/AlexaPi/src/resources/beep.wav
08-29-2024 21:00:06 PM:Saying:Selamat petang!
08-29-2024 21:00:08 PM:Saying:Sekarang pukul 09:00
08-29-2024 22:00:04 PM:Playing:/opt/AlexaPi/src/resources/beep.wav
08-29-2024 22:00:06 PM:Saying:Selamat petang!
08-29-2024 22:00:09 PM:Saying:Sekarang pukul 10:00
08-29-2024 22:42:49 PM:Saying:living light dimatikan
08-29-2024 22:48:51 PM:Saying:kesemua suis living dihidupkan
08-29-2024 22:49:08 PM:Saying:dining fan dimatikan
08-29-2024 22:49:32 PM:Saying:dining fan dihidupkan
08-29-2024 22:56:14 PM:Saying:dining fan dimatikan
08-29-2024 22:56:29 PM:Saying:living light dihidupkan
08-29-2024 22:56:41 PM:Saying:living light dimatikan
08-29-2024 22:56:54 PM:Saying:living fan dimatikan
08-29-2024 22:57:09 PM:Saying:living fan dihidupkan
08-29-2024 22:57:31 PM:Saying:dining light dimatikan
08-29-2024 22:58:07 PM:Saying:dining light dihidupkan
08-29-2024 23:06:24 PM:Saying:dining light dimatikan
08-29-2024 23:06:59 PM:Saying:dining fan dihidupkan
08-29-2024 23:07:34 PM:Saying:dining fan dimatikan
08-29-2024 23:08:06 PM:Saying:kesemua suis dining dihidupkan
08-29-2024 23:08:26 PM:Saying:kesemua suis dining dimatikan
08-29-2024 23:08:49 PM:Saying:entrance light dihidupkan
08-29-2024 23:09:05 PM:Saying:entrance light dimatikan
08-29-2024 23:09:49 PM:Saying:dining light dihidupkan
08-29-2024 23:10:05 PM:Saying:kitchen light dimatikan
08-29-2024 23:10:18 PM:Saying:island light dihidupkan
08-29-2024 23:10:44 PM:Saying:island light dimatikan
08-29-2024 23:11:00 PM:Saying:island light dihidupkan
08-29-2024 23:14:39 PM:Saying:island light dimatikan
08-29-2024 23:14:58 PM:Saying:island light dihidupkan
08-29-2024 23:15:12 PM:Saying:island light dimatikan
08-29-2024 23:19:09 PM:Saying:dining light dimatikan
08-29-2024 23:19:39 PM:Saying:kesemua suis kitchen dimatikan
08-29-2024 23:20:06 PM:Saying:island light dihidupkan
08-30-2024 06:00:35 AM:Playing:/home/pi/Music/Adzan/azan_subuh_madina.mp3
08-30-2024 07:00:04 AM:Playing:/opt/AlexaPi/src/resources/beep.wav
08-30-2024 07:00:06 AM:Saying:Selamat pagi!
08-30-2024 07:00:08 AM:Saying:Sekarang pukul 07:00
08-30-2024 07:00:13 AM:Saying:Cuaca kini di Kajang, selangor, Pancuran hujan ringan, manakala bacaan suhu adalah 24.6 Darjah selsius
08-30-2024 07:00:25 AM:Saying:Namun suhu terasa seperti 27.1 Darjah selsius
08-30-2024 07:00:31 AM:Saying:Kadar kelembapan sekitar 90 peratus
08-30-2024 07:00:35 AM:Saying:kelajuan angin bertiup 8.6 km per jam
08-30-2024 07:00:41 AM:Saying:Pendedahan sinar UV pada skala 1.0
08-30-2024 07:32:25 AM:Saying:kesemua suis dining dimatikan
08-30-2024 07:33:18 AM:Saying:island light dimatikan
08-30-2024 08:00:04 AM:Playing:/opt/AlexaPi/src/resources/beep.wav
08-30-2024 08:00:06 AM:Saying:Selamat pagi!
08-30-2024 08:00:08 AM:Saying:Sekarang pukul 08:00
08-30-2024 08:00:14 AM:Saying:Cuaca kini di Kajang, selangor, Pancuran hujan ringan, manakala bacaan suhu adalah 24.7 Darjah selsius
08-30-2024 08:00:26 AM:Saying:Namun suhu terasa seperti 27.3 Darjah selsius
08-30-2024 08:00:32 AM:Saying:Kadar kelembapan sekitar 89 peratus
08-30-2024 08:00:37 AM:Saying:kelajuan angin bertiup 9.0 km per jam
08-30-2024 08:00:43 AM:Saying:Pendedahan sinar UV pada skala 5.0
08-30-2024 09:00:04 AM:Playing:/opt/AlexaPi/src/resources/beep.wav
08-30-2024 09:00:07 AM:Saying:Selamat pagi!
08-30-2024 09:00:13 AM:Saying:Sekarang pukul 09:00
08-30-2024 10:00:04 AM:Playing:/opt/AlexaPi/src/resources/beep.wav
08-30-2024 10:00:05 AM:Saying:Selamat pagi!
08-30-2024 10:00:08 AM:Saying:Sekarang pukul 10:00
08-30-2024 11:00:04 AM:Playing:/opt/AlexaPi/src/resources/beep.wav
08-30-2024 11:00:06 AM:Saying:Selamat pagi!
08-30-2024 11:00:08 AM:Saying:Sekarang pukul 11:00
08-30-2024 12:00:04 PM:Playing:/opt/AlexaPi/src/resources/beep.wav
08-30-2024 12:00:07 PM:Saying:Selamat tengahari!
08-30-2024 12:00:09 PM:Saying:Sekarang pukul 12:00
08-30-2024 12:00:14 PM:Saying:Berikut adalah waktu solat bagi seluruh zon hulu langat, selangor dan kawasan - kawasan yang sewaktu denganya.
08-30-2024 12:00:23 PM:Saying:imsak 05:50 Pagi.
08-30-2024 12:00:27 PM:Saying: subuh 06:00 Pagi.
08-30-2024 12:00:30 PM:Saying: syuruk 07:07 Pagi.
08-30-2024 12:00:34 PM:Saying: zohor 01:17 Petang.
08-30-2024 12:00:38 PM:Saying: asar 04:26 Petang.
08-30-2024 12:00:41 PM:Saying: maghrib 07:21 Petang.
08-30-2024 12:00:46 PM:Saying: isyak 08:31 Petang.
08-30-2024 13:00:04 PM:Playing:/opt/AlexaPi/src/resources/beep.wav
08-30-2024 13:00:05 PM:Saying:Selamat tengahari!
08-30-2024 13:00:08 PM:Saying:Sekarang pukul 01:00
08-30-2024 13:17:42 PM:Saying:Telah menceritakan kepada kami ['Ubaidullah bin Umar bin Maisarah Al Jusyami] telah menceritakan kepada kami [Abdul Warits bin Sa'id] dia berkata, telah menceritakan kepada kami [Muhammad bin Juhadah] telah menceritakan kepadaku [Abdul Jabbar bin Wa`il bin Hujr] dia berkata, 'Aku adalah seorang anak yang belum mengerti solat yang di kerjakan ayahku, katanya, maka ['Wa'il bin 'Alqamah] telah menceritakan kepadaku, dari ayahku [Wa'il bin Hujr] dia berkata, 'Aku solat bersama Rasulullah sallallahu 'alaihi wasallam, apabila beliau hendak bertakbir, maka beliau mengangkat kedua tangannya.' Katanya, 'Kemudian beliau melipatkan pakaiannya, lalu tangan kanannya memegang tangan kirinya dan memasukkan kedua tangannya ke dalam pakaian beliau.' dia melanjutkan, 'Apabila beliau hendak ruku', beliau mengeluarkan kedua tangannya dan mengangkatnya, dan apabila beliau hendak mengangkat kepalanya dari ruku' (i'tidal), beliau mengangkat kedua tangannya, barulah beliau sujud dengan meletakkan wajahnya sejajar dengan kedua telapak tangannya, apabila beliau hendak mengangkat kepalanya dari sujud, maka beliau juga mengangkat kedua tangannya lagi sampai selesai solat.' Muhammad mengatakan, 'Lalu aku menyebutkan hal itu kepada Al Hasan bin Abu Al Hasan, maka dia berkata, 'Itu adalah solat Rasulullah sallallahu 'alaihi wasallam yang di kerjakan oleh orang yang suka mengerjakan dan di tinggalkan oleh orang yang suka meninggalkannya.' Abu Daud mengatakan, 'Hadits ini di riwayatkan juga oleh [Hammam] dari [Ibnu Juhadah], namun dia tidak menyebutkan 'juga mengangkat tangan ketika bangkit dari sujud'. 
08-30-2024 13:20:00 PM:Saying:Hadis riwayat abu-daud
08-30-2024 13:20:02 PM:Bacaan hadith:-Kitab:abu-daud-collection_no:621
08-30-2024 14:00:04 PM:Playing:/opt/AlexaPi/src/resources/beep.wav
08-30-2024 14:00:11 PM:Saying:Selamat tengahari!
08-30-2024 14:00:14 PM:Saying:Sekarang pukul 02:00
08-30-2024 15:00:04 PM:Playing:/opt/AlexaPi/src/resources/beep.wav
08-30-2024 15:00:07 PM:Saying:Selamat petang!
08-30-2024 15:00:09 PM:Saying:Sekarang pukul 03:00
08-30-2024 16:00:11 PM:Playing:/opt/AlexaPi/src/resources/beep.wav
08-30-2024 16:00:12 PM:Saying:Selamat petang!
08-30-2024 16:00:14 PM:Saying:Sekarang pukul 04:00
08-30-2024 17:00:04 PM:Playing:/opt/AlexaPi/src/resources/beep.wav
08-30-2024 17:00:06 PM:Saying:Selamat petang!
08-30-2024 17:00:09 PM:Saying:Sekarang pukul 05:00
08-30-2024 18:00:04 PM:Playing:/opt/AlexaPi/src/resources/beep.wav
08-30-2024 18:00:10 PM:Saying:Selamat petang!
08-30-2024 18:00:13 PM:Saying:Sekarang pukul 06:00
08-30-2024 19:00:04 PM:Playing:/opt/AlexaPi/src/resources/beep.wav
08-30-2024 19:00:10 PM:Saying:Selamat petang!
08-30-2024 19:00:12 PM:Saying:Sekarang pukul 07:00
08-30-2024 20:00:04 PM:Playing:/opt/AlexaPi/src/resources/beep.wav
08-30-2024 20:00:06 PM:Saying:Selamat petang!
08-30-2024 20:00:08 PM:Saying:Sekarang pukul 08:00
08-30-2024 20:31:28 PM:Saying:Telah menceritakan kepada kami [Ibrahim bin Mahdi] telah menceritakan kepada kami [Ali bin Mushir] dari [Hisyam bin Urwah] dari [Ayahnya] dari [Aisyah] bahwasanya Rasulullah Sallallahu alaihi wasallam apabila mendengarkan muadzdzin mengucapkan syahadat, beliau mengatakan: 'Saya juga, saya juga'. 
08-30-2024 20:31:58 PM:Saying:Hadis riwayat abu-daud
08-30-2024 20:32:00 PM:Bacaan hadith:-Kitab:abu-daud-collection_no:442
08-30-2024 21:00:04 PM:Playing:/opt/AlexaPi/src/resources/beep.wav
08-30-2024 21:00:07 PM:Saying:Selamat petang!
08-30-2024 21:00:09 PM:Saying:Sekarang pukul 09:00
08-30-2024 22:00:04 PM:Playing:/opt/AlexaPi/src/resources/beep.wav
08-30-2024 22:00:06 PM:Saying:Selamat petang!
08-30-2024 22:00:09 PM:Saying:Sekarang pukul 10:00
08-31-2024 07:00:04 AM:Playing:/opt/AlexaPi/src/resources/beep.wav
08-31-2024 07:00:06 AM:Saying:Selamat pagi!
08-31-2024 07:00:09 AM:Saying:Sekarang pukul 07:00
08-31-2024 07:00:13 AM:Saying:Cuaca kini di Kajang, selangor, Pancuran hujan ringan, manakala bacaan suhu adalah 25.6 Darjah selsius
08-31-2024 07:00:25 AM:Saying:Namun suhu terasa seperti 28.6 Darjah selsius
08-31-2024 07:00:31 AM:Saying:Kadar kelembapan sekitar 88 peratus
08-31-2024 07:00:36 AM:Saying:kelajuan angin bertiup 19.1 km per jam
08-31-2024 07:00:42 AM:Saying:Pendedahan sinar UV pada skala 1.0
08-31-2024 08:00:04 AM:Playing:/opt/AlexaPi/src/resources/beep.wav
08-31-2024 08:00:12 AM:Saying:Selamat pagi!
08-31-2024 08:00:15 AM:Saying:Sekarang pukul 08:00
08-31-2024 08:00:19 AM:Saying:Cuaca kini di Kajang, selangor, Hujan renyai-renyai, manakala bacaan suhu adalah 25.4 Darjah selsius
08-31-2024 08:00:31 AM:Saying:Namun suhu terasa seperti 28.4 Darjah selsius
08-31-2024 08:00:37 AM:Saying:Kadar kelembapan sekitar 89 peratus
08-31-2024 08:00:42 AM:Saying:kelajuan angin bertiup 22.7 km per jam
08-31-2024 08:00:48 AM:Saying:Pendedahan sinar UV pada skala 6.0
08-31-2024 09:00:04 AM:Playing:/opt/AlexaPi/src/resources/beep.wav
08-31-2024 09:00:08 AM:Saying:Selamat pagi!
08-31-2024 09:00:11 AM:Saying:Sekarang pukul 09:00
08-31-2024 10:00:04 AM:Playing:/opt/AlexaPi/src/resources/beep.wav
08-31-2024 10:00:05 AM:Saying:Selamat pagi!
08-31-2024 10:00:08 AM:Saying:Sekarang pukul 10:00
08-31-2024 10:31:01 AM:Saying:kitchen light dihidupkan
08-31-2024 11:00:04 AM:Playing:/opt/AlexaPi/src/resources/beep.wav
08-31-2024 11:00:06 AM:Saying:Selamat pagi!
08-31-2024 11:00:08 AM:Saying:Sekarang pukul 11:00
08-31-2024 12:00:04 PM:Playing:/opt/AlexaPi/src/resources/beep.wav
08-31-2024 12:00:09 PM:Saying:Selamat tengahari!
08-31-2024 12:00:12 PM:Saying:Sekarang pukul 12:00
08-31-2024 12:00:16 PM:Saying:Berikut adalah waktu solat bagi seluruh zon hulu langat, selangor dan kawasan - kawasan yang sewaktu denganya.
08-31-2024 12:00:27 PM:Saying:imsak 05:50 Pagi.
08-31-2024 12:00:30 PM:Saying: subuh 06:00 Pagi.
08-31-2024 12:00:33 PM:Saying: syuruk 07:07 Pagi.
08-31-2024 12:00:37 PM:Saying: zohor 01:16 Petang.
08-31-2024 12:00:41 PM:Saying: asar 04:25 Petang.
08-31-2024 12:00:45 PM:Saying: maghrib 07:21 Petang.
08-31-2024 12:00:49 PM:Saying: isyak 08:30 Petang.
08-31-2024 13:00:04 PM:Playing:/opt/AlexaPi/src/resources/beep.wav
08-31-2024 13:00:06 PM:Saying:Selamat tengahari!
08-31-2024 13:00:09 PM:Saying:Sekarang pukul 01:00
08-31-2024 14:00:04 PM:Playing:/opt/AlexaPi/src/resources/beep.wav
08-31-2024 14:00:06 PM:Saying:Selamat tengahari!
08-31-2024 14:00:09 PM:Saying:Sekarang pukul 02:00
08-31-2024 15:00:04 PM:Playing:/opt/AlexaPi/src/resources/beep.wav
08-31-2024 15:00:05 PM:Saying:Selamat petang!
08-31-2024 15:00:09 PM:Saying:Sekarang pukul 03:00
08-31-2024 16:00:04 PM:Playing:/opt/AlexaPi/src/resources/beep.wav
08-31-2024 16:00:05 PM:Saying:Selamat petang!
08-31-2024 16:00:08 PM:Saying:Sekarang pukul 04:00
