08-19-2024 19:51:34 PM:Create new data file
08-19-2024 20:36:23 PM:Tell waktu isyak
08-20-2024 05:51:25 AM:update new data
08-20-2024 06:01:23 AM:Tell waktu subuh
08-20-2024 07:09:25 AM:Tell waktu syuruk
08-20-2024 19:25:24 PM:Tell waktu maghrib
08-20-2024 20:36:24 PM:Tell waktu isyak
08-21-2024 05:51:23 AM:update new data
08-21-2024 06:01:23 AM:Tell waktu subuh
08-21-2024 07:09:24 AM:Tell waktu syuruk
08-21-2024 13:19:25 PM:Tell waktu zohor
08-21-2024 16:33:24 PM:Tell waktu asar
08-21-2024 19:25:23 PM:Tell waktu maghrib
08-22-2024 05:51:22 AM:update new data
08-22-2024 06:01:29 AM:Tell waktu subuh
08-22-2024 07:09:27 AM:Tell waktu syuruk
08-22-2024 13:19:23 PM:Tell waktu zohor
08-22-2024 20:35:24 PM:Tell waktu isyak
08-23-2024 05:51:24 AM:update new data
08-23-2024 06:01:27 AM:Tell waktu subuh
08-23-2024 07:09:23 AM:Tell waktu syuruk
08-23-2024 13:19:25 PM:Tell waktu zohor
08-23-2024 19:24:24 PM:Tell waktu maghrib
08-24-2024 05:51:27 AM:update new data
08-24-2024 06:01:27 AM:Tell waktu subuh
08-24-2024 07:09:22 AM:Tell waktu syuruk
08-24-2024 16:31:25 PM:Tell waktu asar
08-24-2024 19:24:23 PM:Tell waktu maghrib
08-24-2024 20:34:23 PM:Tell waktu isyak
08-25-2024 05:51:22 AM:update new data
08-25-2024 06:01:26 AM:Tell waktu subuh
08-25-2024 13:18:23 PM:Tell waktu zohor
08-26-2024 05:51:23 AM:update new data
08-26-2024 07:08:26 AM:Tell waktu syuruk
08-26-2024 13:18:23 PM:Tell waktu zohor
08-26-2024 19:23:36 PM:Tell waktu maghrib
08-26-2024 20:33:28 PM:Tell waktu isyak
08-27-2024 05:50:27 AM:update new data
08-27-2024 06:00:24 AM:Tell waktu subuh
08-27-2024 07:08:23 AM:Tell waktu syuruk
08-28-2024 05:50:22 AM:update new data
08-28-2024 06:00:33 AM:Tell waktu subuh
08-28-2024 07:08:28 AM:Tell waktu syuruk
08-28-2024 13:17:23 PM:Tell waktu zohor
08-28-2024 19:22:25 PM:Tell waktu maghrib
08-28-2024 20:32:28 PM:Tell waktu isyak
08-29-2024 05:50:26 AM:update new data
08-29-2024 06:00:32 AM:Tell waktu subuh
08-29-2024 13:17:25 PM:Tell waktu zohor
08-29-2024 16:27:25 PM:Tell waktu asar
08-29-2024 19:22:26 PM:Tell waktu maghrib
08-30-2024 05:50:22 AM:update new data
08-30-2024 06:00:34 AM:Tell waktu subuh
08-30-2024 07:07:26 AM:Tell waktu syuruk
08-30-2024 13:17:24 PM:Tell waktu zohor
08-30-2024 20:31:22 PM:Tell waktu isyak
08-31-2024 00:00:21 AM:update new data
